TN:
SF:app.js
FN:21,(anonymous_0)
FN:24,(anonymous_1)
FN:28,(anonymous_2)
FN:51,(anonymous_3)
FN:90,(anonymous_4)
FN:91,(anonymous_5)
FN:99,(anonymous_6)
FNF:7
FNH:4
FNDA:1,(anonymous_0)
FNDA:1,(anonymous_1)
FNDA:0,(anonymous_2)
FNDA:0,(anonymous_3)
FNDA:1,(anonymous_4)
FNDA:0,(anonymous_5)
FNDA:1,(anonymous_6)
DA:1,1
DA:2,1
DA:3,1
DA:4,1
DA:5,1
DA:6,1
DA:8,1
DA:9,1
DA:10,1
DA:12,1
DA:13,1
DA:14,1
DA:21,1
DA:22,1
DA:24,1
DA:25,1
DA:28,1
DA:29,0
DA:30,0
DA:32,0
DA:33,0
DA:34,0
DA:35,0
DA:36,0
DA:37,0
DA:38,0
DA:41,0
DA:42,0
DA:45,0
DA:47,0
DA:51,1
DA:52,0
DA:54,0
DA:55,0
DA:56,0
DA:57,0
DA:58,0
DA:59,0
DA:60,0
DA:63,0
DA:66,0
DA:67,0
DA:68,0
DA:69,0
DA:70,0
DA:71,0
DA:74,0
DA:77,0
DA:79,0
DA:85,1
DA:86,1
DA:89,1
DA:90,1
DA:91,0
DA:93,1
DA:94,1
DA:97,1
DA:99,1
DA:101,1
LF:59
LH:27
BRDA:36,0,0,0
BRDA:36,0,1,0
BRDA:58,1,0,0
BRDA:58,1,1,0
BRDA:66,2,0,0
BRDA:66,2,1,0
BRDA:68,3,0,0
BRDA:68,3,1,0
BRDA:70,4,0,0
BRDA:70,4,1,0
BRDA:70,5,0,0
BRDA:70,5,1,0
BRDA:97,6,0,1
BRDA:97,6,1,1
BRF:14
BRH:2
end_of_record
TN:
SF:models\Delivery.js
FNF:0
FNH:0
DA:1,1
DA:2,1
DA:4,1
DA:5,1
DA:7,1
DA:20,1
DA:21,1
LF:7
LH:7
BRF:0
BRH:0
end_of_record
TN:
SF:models\Package.js
FNF:0
FNH:0
DA:1,1
DA:2,1
DA:4,1
DA:5,1
DA:7,1
DA:29,1
DA:30,1
LF:7
LH:7
BRF:0
BRH:0
end_of_record
TN:
SF:routes\deliveries.js
FN:9,(anonymous_0)
FN:18,(anonymous_1)
FN:23,getDelivery
FN:40,(anonymous_3)
FN:64,(anonymous_4)
FN:66,(anonymous_5)
FN:77,(anonymous_6)
FNF:7
FNH:2
FNDA:1,(anonymous_0)
FNDA:0,(anonymous_1)
FNDA:0,getDelivery
FNDA:1,(anonymous_3)
FNDA:0,(anonymous_4)
FNDA:0,(anonymous_5)
FNDA:0,(anonymous_6)
DA:1,1
DA:2,1
DA:3,1
DA:4,1
DA:6,1
DA:9,1
DA:10,1
DA:11,1
DA:12,1
DA:14,0
DA:18,1
DA:19,0
DA:25,0
DA:26,0
DA:27,0
DA:28,0
DA:29,0
DA:30,0
DA:33,0
DA:36,0
DA:37,0
DA:40,1
DA:41,1
DA:50,1
DA:51,1
DA:53,1
DA:58,1
DA:60,0
DA:64,1
DA:65,0
DA:66,0
DA:67,0
DA:70,0
DA:71,0
DA:73,0
DA:77,1
DA:78,0
DA:79,0
DA:80,0
DA:82,0
DA:86,1
LF:41
LH:19
BRDA:29,0,0,0
BRDA:29,0,1,0
BRF:2
BRH:0
end_of_record
TN:
SF:routes\utils.js
FN:1,updatePropertyIfNotNull
FNF:1
FNH:1
FNDA:8,updatePropertyIfNotNull
DA:2,8
DA:3,2
DA:7,1
LF:3
LH:3
BRDA:2,0,0,2
BRDA:2,0,1,6
BRF:2
BRH:2
end_of_record
